<?xml version="1.0" encoding="UTF-8"?>
<testng-results ignored="0" total="3" passed="3" failed="0" skipped="0">
  <reporter-output>
  </reporter-output>
  <suite started-at="2021-09-27T17:35:47 IST" name="Suite" finished-at="2021-09-27T17:36:27 IST" duration-ms="40195">
    <groups>
      <group name="cucumber">
        <method signature="AbstractTestNGCucumberTests.runScenario(io.cucumber.testng.PickleWrapper, io.cucumber.testng.FeatureWrapper)[pri:0, instance:TestRunner.PageRunner@49e5f737]" name="runScenario" class="io.cucumber.testng.AbstractTestNGCucumberTests"/>
      </group> <!-- cucumber -->
    </groups>
    <test started-at="2021-09-27T17:35:47 IST" name="Test Automation" finished-at="2021-09-27T17:36:27 IST" duration-ms="40195">
      <class name="TestRunner.PageRunner">
        <test-method is-config="true" signature="setUpClass()[pri:0, instance:TestRunner.PageRunner@49e5f737]" started-at="2021-09-27T17:35:47 IST" name="setUpClass" finished-at="2021-09-27T17:35:48 IST" duration-ms="430" status="PASS">
          <reporter-output>
          </reporter-output>
        </test-method> <!-- setUpClass -->
        <test-method signature="runScenario(io.cucumber.testng.PickleWrapper, io.cucumber.testng.FeatureWrapper)[pri:0, instance:TestRunner.PageRunner@49e5f737]" started-at="2021-09-27T17:35:48 IST" name="runScenario" description="Runs Cucumber Scenarios" data-provider="scenarios" finished-at="2021-09-27T17:36:01 IST" duration-ms="13761" status="PASS">
          <params>
            <param index="0">
              <value>
                <![CDATA["Case 1 validate if google search is working"]]>
              </value>
            </param>
            <param index="1">
              <value>
                <![CDATA["Optional[Feature to test goodle search operation]"]]>
              </value>
            </param>
          </params>
          <reporter-output>
          </reporter-output>
        </test-method> <!-- runScenario -->
        <test-method signature="runScenario(io.cucumber.testng.PickleWrapper, io.cucumber.testng.FeatureWrapper)[pri:0, instance:TestRunner.PageRunner@49e5f737]" started-at="2021-09-27T17:36:01 IST" name="runScenario" description="Runs Cucumber Scenarios" data-provider="scenarios" finished-at="2021-09-27T17:36:13 IST" duration-ms="11615" status="PASS">
          <params>
            <param index="0">
              <value>
                <![CDATA["Case 2 validate if google search is working"]]>
              </value>
            </param>
            <param index="1">
              <value>
                <![CDATA["Optional[Feature to test goodle search operation]"]]>
              </value>
            </param>
          </params>
          <reporter-output>
          </reporter-output>
        </test-method> <!-- runScenario -->
        <test-method signature="runScenario(io.cucumber.testng.PickleWrapper, io.cucumber.testng.FeatureWrapper)[pri:0, instance:TestRunner.PageRunner@49e5f737]" started-at="2021-09-27T17:36:13 IST" name="runScenario" description="Runs Cucumber Scenarios" data-provider="scenarios" finished-at="2021-09-27T17:36:27 IST" duration-ms="14226" status="PASS">
          <params>
            <param index="0">
              <value>
                <![CDATA["Case 3 validate if google search is working"]]>
              </value>
            </param>
            <param index="1">
              <value>
                <![CDATA["Optional[Feature to test goodle search operation]"]]>
              </value>
            </param>
          </params>
          <reporter-output>
          </reporter-output>
        </test-method> <!-- runScenario -->
        <test-method is-config="true" signature="tearDownClass()[pri:0, instance:TestRunner.PageRunner@49e5f737]" started-at="2021-09-27T17:36:27 IST" name="tearDownClass" finished-at="2021-09-27T17:36:27 IST" duration-ms="113" status="PASS">
          <reporter-output>
          </reporter-output>
        </test-method> <!-- tearDownClass -->
      </class> <!-- TestRunner.PageRunner -->
    </test> <!-- Test Automation -->
  </suite> <!-- Suite -->
</testng-results>
